
/home/runner/work/exp-venturimeter-iitb/exp-venturimeter-iitb/experiment/simulation/common_libraries/js/ts_components/collapse_step.js
   1:10  warning  'show_step' is defined but never used                 no-unused-vars
   2:5   warning  '$' is not defined                                    no-undef
   3:9   warning  '$' is not defined                                    no-undef
   6:10  warning  'hide_step' is defined but never used                 no-unused-vars
   7:5   warning  '$' is not defined                                    no-undef
   8:9   warning  '$' is not defined                                    no-undef
  11:10  warning  'get_collapse_btn_text' is defined but never used     no-unused-vars
  20:10  warning  'get_collapse_btn_element' is defined but never used  no-unused-vars
  29:10  warning  'hide_all_steps' is defined but never used            no-unused-vars
  31:9   warning  '$' is not defined                                    no-undef

/home/runner/work/exp-venturimeter-iitb/exp-venturimeter-iitb/experiment/simulation/common_libraries/js/ts_components/matrix.js
   27:26  warning  'MathJax' is not defined                                no-undef
   32:7   warning  'Matrix_Without_String' is defined but never used       no-unused-vars
   52:26  warning  'MathJax' is not defined                                no-undef
   56:10  warning  'get_matrix_html' is defined but never used             no-unused-vars
   87:13  warning  'row_html' is assigned a value but never used           no-unused-vars
   99:10  warning  'get_matrix_html_with_title' is defined but never used  no-unused-vars
  131:13  warning  'row_html' is assigned a value but never used           no-unused-vars
  143:10  warning  'convert_2d_to_1d_vector' is defined but never used     no-unused-vars
  156:10  warning  'convert_1d_to_2d_matrix' is defined but never used     no-unused-vars

/home/runner/work/exp-venturimeter-iitb/exp-venturimeter-iitb/experiment/simulation/common_libraries/js/ts_components/pannel.js
  8:7  warning  'Pannel' is defined but never used  no-unused-vars

/home/runner/work/exp-venturimeter-iitb/exp-venturimeter-iitb/experiment/simulation/common_libraries/js/ts_components/questions.js
   6:17  warning  'op1' is assigned a value but never used      no-unused-vars
   7:17  warning  'op2' is assigned a value but never used      no-unused-vars
   8:17  warning  'op3' is assigned a value but never used      no-unused-vars
   9:17  warning  'op4' is assigned a value but never used      no-unused-vars
  94:7   warning  'Question_Options' is defined but never used  no-unused-vars

/home/runner/work/exp-venturimeter-iitb/exp-venturimeter-iitb/experiment/simulation/common_libraries/js/ts_components/tables.js
   19:22  warning  'verify_values' is not defined                                     no-undef
  137:22  warning  'verify_values' is not defined                                     no-undef
  260:7   warning  'Verify_Rows_Cols_6_decimal_places' is defined but never used      no-unused-vars
  311:22  warning  'verify_values' is not defined                                     no-undef
  416:7   warning  'Verify_Rows_Cols_Custom_Fixed_Update1' is defined but never used  no-unused-vars
  468:7   warning  'Show_Table_Custom_Fixed' is defined but never used                no-unused-vars
  506:7   warning  'Verify_Rows_Cols_Strings' is defined but never used               no-unused-vars
  527:22  warning  'verify_values' is not defined                                     no-undef
  663:7   warning  'Display_Table' is defined but never used                          no-unused-vars

/home/runner/work/exp-venturimeter-iitb/exp-venturimeter-iitb/experiment/simulation/common_libraries/js/ts_math_library/general_math_functions.js
    1:10  warning  'verify_values' is defined but never used                   no-unused-vars
   17:10  warning  'random1' is defined but never used                         no-unused-vars
   21:10  warning  'std_deviation' is defined but never used                   no-unused-vars
   26:10  warning  'gauss' is defined but never used                           no-unused-vars
   56:10  warning  'hide_panel' is defined but never used                      no-unused-vars
   63:10  warning  'inverse_matrix' is defined but never used                  no-unused-vars
   96:10  warning  'matrix_multiplication' is defined but never used           no-unused-vars
  113:10  warning  'transpose_matrix' is defined but never used                no-unused-vars
  123:10  warning  'matrix_multiplication_8decimal' is defined but never used  no-unused-vars
  140:10  warning  'adjoint_2x2_matrix' is defined but never used              no-unused-vars
  145:10  warning  'find_deteminant' is defined but never used                 no-unused-vars
  174:10  warning  'get_Submatrix' is defined but never used                   no-unused-vars

/home/runner/work/exp-venturimeter-iitb/exp-venturimeter-iitb/experiment/simulation/common_libraries/js/ts_math_library/regression.js
   1:10  warning  'regression_linear' is defined but never used            no-unused-vars
  18:10  warning  'regression_linear_1variable' is defined but never used  no-unused-vars
  27:10  warning  'regression_linear_2variable' is defined but never used  no-unused-vars
  52:11  warning  'gauss' is not defined                                   no-undef

/home/runner/work/exp-venturimeter-iitb/exp-venturimeter-iitb/experiment/simulation/common_libraries/math.ob.js
  1:745  warning  'b' is already defined  no-redeclare

/home/runner/work/exp-venturimeter-iitb/exp-venturimeter-iitb/experiment/simulation/js/activity1.js
   19:24   warning  'MathJax' is not defined                no-undef
   22:10   warning  'start_act1' is defined but never used  no-unused-vars
   27:20   warning  'get_collapse_btn_text' is not defined  no-undef
   32:69   warning  'd1' is not defined                     no-undef
   32:82   warning  'd2' is not defined                     no-undef
   32:114  warning  'hm' is not defined                     no-undef
   98:5    warning  'hide_all_steps' is not defined         no-undef
   99:24   warning  'show_step' is not defined              no-undef
  100:24   warning  'MathJax' is not defined                no-undef
  104:5    warning  'a1' is not defined                     no-undef
  104:37   warning  'd1' is not defined                     no-undef
  105:5    warning  'a2' is not defined                     no-undef
  105:37   warning  'd2' is not defined                     no-undef
  106:5    warning  'h' is not defined                      no-undef
  106:9    warning  'hm' is not defined                     no-undef
  106:16   warning  'sm' is not defined                     no-undef
  106:21   warning  'sf' is not defined                     no-undef
  107:5    warning  'discharge' is not defined              no-undef
  107:17   warning  'cd' is not defined                     no-undef
  107:23   warning  'a1' is not defined                     no-undef
  107:28   warning  'a2' is not defined                     no-undef
  107:53   warning  'a1' is not defined                     no-undef
  107:73   warning  'a2' is not defined                     no-undef
  107:99   warning  'g' is not defined                      no-undef
  107:103  warning  'h' is not defined                      no-undef
  109:10   warning  'verify0' is defined but never used     no-unused-vars
  111:26   warning  'a1' is not defined                     no-undef
  111:41   warning  'a2' is not defined                     no-undef
  111:55   warning  'h' is not defined                      no-undef
  111:78   warning  'h' is not defined                      no-undef
  111:97   warning  'discharge' is not defined              no-undef
  111:131  warning  'discharge' is not defined              no-undef
  124:10   warning  'verify_values' is not defined          no-undef
  124:48   warning  'a1' is not defined                     no-undef
  128:10   warning  'verify_values' is not defined          no-undef
  128:48   warning  'a2' is not defined                     no-undef
  132:10   warning  'verify_values' is not defined          no-undef
  132:48   warning  'h' is not defined                      no-undef
  136:10   warning  'verify_values' is not defined          no-undef
  136:48   warning  'h' is not defined                      no-undef
  140:10   warning  'verify_values' is not defined          no-undef
  140:48   warning  'discharge' is not defined              no-undef
  144:10   warning  'verify_values' is not defined          no-undef
  144:48   warning  'discharge' is not defined              no-undef
  150:25   warning  'a1' is not defined                     no-undef
  152:25   warning  'a2' is not defined                     no-undef
  154:25   warning  'h' is not defined                      no-undef
  156:25   warning  'h' is not defined                      no-undef
  158:25   warning  'discharge' is not defined              no-undef
  160:25   warning  'discharge' is not defined              no-undef
  163:5    warning  'activity2' is not defined              no-undef

/home/runner/work/exp-venturimeter-iitb/exp-venturimeter-iitb/experiment/simulation/js/activity2.js
    1:10   warning  'activity2' is defined but never used   no-unused-vars
   16:5    warning  'maindiv' is not defined                no-undef
   17:24   warning  'MathJax' is not defined                no-undef
   20:10   warning  'start_act2' is defined but never used  no-unused-vars
   25:20   warning  'get_collapse_btn_text' is not defined  no-undef
   30:69   warning  'd1' is not defined                     no-undef
   30:82   warning  'd2' is not defined                     no-undef
   30:114  warning  'hm' is not defined                     no-undef
   93:5    warning  'maindiv' is not defined                no-undef
   95:24   warning  'show_step' is not defined              no-undef
   96:24   warning  'MathJax' is not defined                no-undef
   99:5    warning  'a1' is not defined                     no-undef
   99:37   warning  'd1' is not defined                     no-undef
  100:5    warning  'a2' is not defined                     no-undef
  100:37   warning  'd2' is not defined                     no-undef
  101:5    warning  'h' is not defined                      no-undef
  101:9    warning  'hm' is not defined                     no-undef
  101:20   warning  'a2_sm' is not defined                  no-undef
  101:28   warning  'a2_sf' is not defined                  no-undef
  102:5    warning  'discharge' is not defined              no-undef
  102:17   warning  'cd' is not defined                     no-undef
  102:23   warning  'a1' is not defined                     no-undef
  102:28   warning  'a2' is not defined                     no-undef
  102:53   warning  'a1' is not defined                     no-undef
  102:73   warning  'a2' is not defined                     no-undef
  102:99   warning  'g' is not defined                      no-undef
  102:103  warning  'h' is not defined                      no-undef
  104:10   warning  'verify2' is defined but never used     no-unused-vars
  106:26   warning  'a1' is not defined                     no-undef
  106:41   warning  'a2' is not defined                     no-undef
  106:55   warning  'h' is not defined                      no-undef
  106:78   warning  'h' is not defined                      no-undef
  106:97   warning  'discharge' is not defined              no-undef
  106:131  warning  'discharge' is not defined              no-undef
  119:10   warning  'verify_values' is not defined          no-undef
  119:48   warning  'a1' is not defined                     no-undef
  123:10   warning  'verify_values' is not defined          no-undef
  123:48   warning  'a2' is not defined                     no-undef
  127:10   warning  'verify_values' is not defined          no-undef
  127:48   warning  'h' is not defined                      no-undef
  131:10   warning  'verify_values' is not defined          no-undef
  131:48   warning  'h' is not defined                      no-undef
  135:10   warning  'verify_values' is not defined          no-undef
  135:48   warning  'discharge' is not defined              no-undef
  139:10   warning  'verify_values' is not defined          no-undef
  139:48   warning  'discharge' is not defined              no-undef
  145:25   warning  'a1' is not defined                     no-undef
  147:25   warning  'a2' is not defined                     no-undef
  149:25   warning  'h' is not defined                      no-undef
  151:25   warning  'h' is not defined                      no-undef
  153:25   warning  'discharge' is not defined              no-undef
  155:25   warning  'discharge' is not defined              no-undef
  158:5    warning  'activity3' is not defined              no-undef

/home/runner/work/exp-venturimeter-iitb/exp-venturimeter-iitb/experiment/simulation/js/activity3.js
    1:10   warning  'activity3' is defined but never used                   no-unused-vars
   16:5    warning  'maindiv' is not defined                                no-undef
   17:24   warning  'MathJax' is not defined                                no-undef
   19:10   warning  'start_act3' is defined but never used                  no-unused-vars
   24:20   warning  'get_collapse_btn_text' is not defined                  no-undef
   29:69   warning  'd1' is not defined                                     no-undef
   29:82   warning  'd2' is not defined                                     no-undef
   68:5    warning  'maindiv' is not defined                                no-undef
   70:24   warning  'show_step' is not defined                              no-undef
   71:24   warning  'MathJax' is not defined                                no-undef
   74:5    warning  'a1' is not defined                                     no-undef
   74:37   warning  'd1' is not defined                                     no-undef
   75:5    warning  'a2' is not defined                                     no-undef
   75:37   warning  'd2' is not defined                                     no-undef
   76:5    warning  'sm' is not defined                                     no-undef
   77:5    warning  'sf' is not defined                                     no-undef
   82:9    warning  'H' is not defined                                      no-undef
   82:29   warning  'sm' is not defined                                     no-undef
   82:34   warning  'sf' is not defined                                     no-undef
   83:9    warning  'Hm' is not defined                                     no-undef
   84:9    warning  'Q_actual' is not defined                               no-undef
   84:30   warning  'a1' is not defined                                     no-undef
   84:35   warning  'a2' is not defined                                     no-undef
   84:60   warning  'a1' is not defined                                     no-undef
   84:78   warning  'a2' is not defined                                     no-undef
   84:103  warning  'g' is not defined                                      no-undef
   84:107  warning  'H' is not defined                                      no-undef
   85:9    warning  'table_data' is not defined                             no-undef
   85:26   warning  'Q_actual' is not defined                               no-undef
   85:39   warning  'Hm' is not defined                                     no-undef
   85:46   warning  'H' is not defined                                      no-undef
   86:9    warning  'sqrt_h' is not defined                                 no-undef
   86:31   warning  'H' is not defined                                      no-undef
   89:26   warning  'H' is not defined                                      no-undef
   90:27   warning  'Hm' is not defined                                     no-undef
   91:26   warning  'Q_actual' is not defined                               no-undef
   93:10   warning  'verify4' is defined but never used                     no-unused-vars
   95:26   warning  'a1' is not defined                                     no-undef
   95:39   warning  'a2' is not defined                                     no-undef
  100:10   warning  'verify_values' is not defined                          no-undef
  100:47   warning  'a1' is not defined                                     no-undef
  104:10   warning  'verify_values' is not defined                          no-undef
  104:48   warning  'a2' is not defined                                     no-undef
  111:23   warning  'a1' is not defined                                     no-undef
  113:24   warning  'a2' is not defined                                     no-undef
  122:19   warning  'Verify_Rows_Cols_Custom_Fixed_Update1' is not defined  no-undef
  122:65   warning  'table_data' is not defined                             no-undef
  129:20   warning  'get_collapse_btn_text' is not defined                  no-undef
  142:5    warning  'maindiv' is not defined                                no-undef
  144:24   warning  'show_step' is not defined                              no-undef
  145:24   warning  'MathJax' is not defined                                no-undef
  149:17   warning  'regression_linear_1variable' is not defined            no-undef
  149:45   warning  'sqrt_h' is not defined                                 no-undef
  149:53   warning  'Q_actual' is not defined                               no-undef
  151:19   warning  'sqrt_h' is not defined                                 no-undef
  153:9    warning  'Y' is not defined                                      no-undef
  155:26   warning  'Y' is not defined                                      no-undef
  170:21   warning  'Chart' is not defined                                  no-undef
  173:21   warning  'sqrt_h' is not defined                                 no-undef
  177:27   warning  'Q_actual' is not defined                               no-undef
  189:27   warning  'Y' is not defined                                      no-undef

/home/runner/work/exp-venturimeter-iitb/exp-venturimeter-iitb/experiment/simulation/js/activity4.js
   1:10   warning  'start_act4' is defined but never used  no-unused-vars
   6:20   warning  'get_collapse_btn_text' is not defined  no-undef
  41:5    warning  'maindiv' is not defined                no-undef
  43:24   warning  'show_step' is not defined              no-undef
  44:24   warning  'MathJax' is not defined                no-undef
  45:5    warning  'plot' is not defined                   no-undef
  48:5    warning  'slope' is not defined                  no-undef
  48:14   warning  'Y' is not defined                      no-undef
  48:16   warning  'Y' is not defined                      no-undef
  48:32   warning  'Y' is not defined                      no-undef
  48:41   warning  'sqrt_h' is not defined                 no-undef
  48:48   warning  'sqrt_h' is not defined                 no-undef
  48:69   warning  'sqrt_h' is not defined                 no-undef
  49:5    warning  'calculated_cd' is not defined          no-undef
  49:22   warning  'slope' is not defined                  no-undef
  49:31   warning  'a1' is not defined                     no-undef
  49:36   warning  'a2' is not defined                     no-undef
  49:64   warning  'a1' is not defined                     no-undef
  49:84   warning  'a2' is not defined                     no-undef
  49:100  warning  'g' is not defined                      no-undef
  51:10   warning  'verify5' is defined but never used     no-unused-vars
  53:29   warning  'slope' is not defined                  no-undef
  53:45   warning  'calculated_cd' is not defined          no-undef
  58:10   warning  'verify_values' is not defined          no-undef
  58:47   warning  'slope' is not defined                  no-undef
  62:10   warning  'verify_values' is not defined          no-undef
  62:48   warning  'calculated_cd' is not defined          no-undef
  69:23   warning  'slope' is not defined                  no-undef
  71:24   warning  'calculated_cd' is not defined          no-undef
  72:5    warning  'maindiv' is not defined                no-undef

/home/runner/work/exp-venturimeter-iitb/exp-venturimeter-iitb/experiment/simulation/js/data.js
   2:5  warning  'g' is assigned a value but never used              no-unused-vars
   3:5  warning  'd1' is assigned a value but never used             no-unused-vars
   4:5  warning  'd2' is assigned a value but never used             no-unused-vars
   5:5  warning  'hm' is assigned a value but never used             no-unused-vars
   6:5  warning  'cd' is assigned a value but never used             no-unused-vars
   7:5  warning  'a1' is assigned a value but never used             no-unused-vars
   8:5  warning  'a2' is assigned a value but never used             no-unused-vars
   9:5  warning  'h' is assigned a value but never used              no-unused-vars
  10:5  warning  'sm' is assigned a value but never used             no-unused-vars
  11:5  warning  'sf' is assigned a value but never used             no-unused-vars
  12:5  warning  'discharge' is assigned a value but never used      no-unused-vars
  14:5  warning  'a2_sm' is assigned a value but never used          no-unused-vars
  15:5  warning  'a2_sf' is assigned a value but never used          no-unused-vars
  17:5  warning  'a3_hm' is assigned a value but never used          no-unused-vars
  18:5  warning  'H' is assigned a value but never used              no-unused-vars
  19:5  warning  'Hm' is assigned a value but never used             no-unused-vars
  20:5  warning  'Q_actual' is assigned a value but never used       no-unused-vars
  21:5  warning  'table_data' is assigned a value but never used     no-unused-vars
  22:5  warning  'sqrt_h' is assigned a value but never used         no-unused-vars
  24:5  warning  'Y' is assigned a value but never used              no-unused-vars
  25:5  warning  'X' is assigned a value but never used              no-unused-vars
  27:5  warning  'slope' is assigned a value but never used          no-unused-vars
  28:5  warning  'calculated_cd' is assigned a value but never used  no-unused-vars

/home/runner/work/exp-venturimeter-iitb/exp-venturimeter-iitb/experiment/simulation/js/gauss_ele.js
  42:10  warning  'gauss_ele' is defined but never used  no-unused-vars

/home/runner/work/exp-venturimeter-iitb/exp-venturimeter-iitb/experiment/simulation/js/screen_size.js
  1:10  warning  'set_screen_size' is defined but never used  no-unused-vars

/home/runner/work/exp-venturimeter-iitb/exp-venturimeter-iitb/experiment/simulation/js/trap.js
   4:10  warning  'generate_data' is defined but never used  no-unused-vars
  13:10  warning  'trap' is defined but never used           no-unused-vars
  21:10  warning  'sim1by3' is defined but never used        no-unused-vars
  29:10  warning  'sim3by8' is defined but never used        no-unused-vars

✖ 275 problems (0 errors, 275 warnings)

